[14:50:40] [ERROR] mysql_connect: handle error: no hostname specified (./includes/mysql.pwn:19 -> C:\Users\Papa\Desktop\SA-MP LS-RP.th Project\gamemodes\LSRP.pwn:47 -> C:\Users\Papa\Desktop\SA-MP LS-RP.th Project\gamemodes\LSRP.pwn:24)
[14:50:40] [ERROR] mysql_errno: invalid connection handle '0' (./includes/mysql.pwn:20 -> C:\Users\Papa\Desktop\SA-MP LS-RP.th Project\gamemodes\LSRP.pwn:47 -> C:\Users\Papa\Desktop\SA-MP LS-RP.th Project\gamemodes\LSRP.pwn:24)
[14:51:26] [ERROR] mysql_connect: handle error: no username specified (./includes/mysql.pwn:19 -> <unknown>:0 -> <unknown>:-1)
[14:51:26] [ERROR] mysql_errno: invalid connection handle '0' (./includes/mysql.pwn:20 -> <unknown>:0 -> <unknown>:-1)
[14:53:51] [ERROR] mysql_connect: handle error: no username specified (./includes/mysql.pwn:19 -> <unknown>:0 -> <unknown>:-1)
[14:53:51] [ERROR] mysql_errno: invalid connection handle '0' (./includes/mysql.pwn:20 -> <unknown>:0 -> <unknown>:-1)
[14:54:22] [ERROR] mysql_connect: handle error: no username specified (./includes/mysql.pwn:20 -> <unknown>:0 -> <unknown>:-1)
[14:54:22] [ERROR] mysql_errno: invalid connection handle '0' (./includes/mysql.pwn:21 -> <unknown>:0 -> <unknown>:-1)
[14:54:41] [ERROR] mysql_connect: handle error: no username specified (./includes/mysql.pwn:20 -> <unknown>:0 -> <unknown>:-1)
[14:54:41] [ERROR] mysql_errno: invalid connection handle '0' (./includes/mysql.pwn:21 -> <unknown>:0 -> <unknown>:-1)
[14:55:03] [ERROR] mysql_connect: handle error: no username specified (./includes/mysql.pwn:20 -> <unknown>:0 -> <unknown>:-1)
[14:55:03] [ERROR] mysql_errno: invalid connection handle '0' (./includes/mysql.pwn:21 -> <unknown>:0 -> <unknown>:-1)
[14:55:13] [ERROR] mysql_connect: handle error: no username specified (./includes/mysql.pwn:20 -> <unknown>:-1)
[14:55:13] [ERROR] mysql_errno: invalid connection handle '0' (./includes/mysql.pwn:21 -> <unknown>:-1)
[14:55:29] [ERROR] mysql_connect: handle error: no username specified (./includes/mysql.pwn:20 -> <unknown>:0 -> <unknown>:-1)
[14:55:29] [ERROR] mysql_errno: invalid connection handle '0' (./includes/mysql.pwn:21 -> <unknown>:0 -> <unknown>:-1)
[14:55:48] [ERROR] mysql_connect: handle error: no username specified (./includes/mysql.pwn:20 -> <unknown>:0 -> <unknown>:-1)
[14:55:48] [ERROR] mysql_errno: invalid connection handle '0' (./includes/mysql.pwn:21 -> <unknown>:0 -> <unknown>:-1)
[14:56:50] [ERROR] mysql_connect: handle error: no hostname specified (./includes/mysql.pwn:20 -> C:\Users\Papa\Desktop\SA-MP LS-RP.th Project\gamemodes\LSRP.pwn:63 -> C:\Users\Papa\Desktop\SA-MP LS-RP.th Project\gamemodes\LSRP.pwn:45 -> D:\LSRPTH\pawno\include\YSI\y_hooks/impl.inc:484 -> D:\LSRPTH\pawno\include\YSI\internal\..\y_scriptinit.inc:171 -> D:\LSRPTH\pawno\include\sscanf2.inc:204)
[14:56:50] [ERROR] mysql_errno: invalid connection handle '0' (./includes/mysql.pwn:21 -> C:\Users\Papa\Desktop\SA-MP LS-RP.th Project\gamemodes\LSRP.pwn:63 -> C:\Users\Papa\Desktop\SA-MP LS-RP.th Project\gamemodes\LSRP.pwn:45 -> D:\LSRPTH\pawno\include\YSI\y_hooks/impl.inc:484 -> D:\LSRPTH\pawno\include\YSI\internal\..\y_scriptinit.inc:171 -> D:\LSRPTH\pawno\include\sscanf2.inc:204)
[14:57:19] [ERROR] CConnection::CConnection - establishing connection to MySQL database failed: #2002 'Can't connect to MySQL server on 'localhost' (10061)'
[14:57:21] [ERROR] CConnection::CConnection - establishing connection to MySQL database failed: #2002 'Can't connect to MySQL server on 'localhost' (10061)'
[14:57:23] [ERROR] CConnection::CConnection - establishing connection to MySQL database failed: #2002 'Can't connect to MySQL server on 'localhost' (10061)'
[14:57:25] [ERROR] CConnection::CConnection - establishing connection to MySQL database failed: #2002 'Can't connect to MySQL server on 'localhost' (10061)'
[20:11:07] [ERROR] error #1054 while executing query "SELECT `id`,`Username` FROM `characters` WHERE `Charname` = 'Avis_Mccalla'": Unknown column 'Charname' in 'where clause' (./includes/core/login.pwn:22)
[20:14:15] [ERROR] error #1054 while executing query "SELECT `id`,`Username` FROM `characters` WHERE `Charname` = 'Avis_Mccalla'": Unknown column 'Charname' in 'where clause' (./includes/core/login.pwn:25)
[20:16:44] [ERROR] error #1054 while executing query "SELECT `id`,`Username` FROM `characters` WHERE `Charname` = 'Avis_Mccalla'": Unknown column 'Charname' in 'where clause' (./includes/core/login.pwn:25)
[20:18:46] [ERROR] error #1054 while executing query "SELECT `id`,`Username` FROM `characters` WHERE `Charname` = 'Avis_Mccalla'": Unknown column 'Charname' in 'where clause' (./includes/core/login.pwn:25)
[20:20:59] [ERROR] error #1054 while executing query "SELECT `id`,`Username` FROM `characters` WHERE `Charname` = 'Avis_Mccalla'": Unknown column 'Charname' in 'where clause' (./includes/core/login.pwn:29)
[20:21:52] [ERROR] error #1054 while executing query "SELECT `id`,`Username` FROM `characters` WHERE `Charname` = 'Avis_Mccalla'": Unknown column 'Charname' in 'where clause' (./includes/core/login.pwn:29)
[20:23:04] [ERROR] error #1054 while executing query "SELECT `id`,`Username` FROM `characters` WHERE `Charname` = 'Avis_Mccalla'": Unknown column 'Charname' in 'where clause' (./includes/mysql.pwn:48)
[20:26:07] [ERROR] error #1054 while executing query "SELECT `id`,`Username` FROM `characters` WHERE `Charname` = 'Avis_Mccalla'": Unknown column 'Charname' in 'where clause' (./includes/core/login.pwn:24)
[20:28:15] [ERROR] error #1054 while executing query "SELECT `id`,`Username` FROM `characters` WHERE `Charname` = 'Avis_Mccalla'": Unknown column 'Charname' in 'where clause' (./includes/core/login.pwn:22)
[20:30:01] [ERROR] error #1054 while executing query "SELECT `id`,`Username` FROM `characters` WHERE `Charname` = 'Avis_Mccalla'": Unknown column 'Charname' in 'where clause' (./includes/core/login.pwn:23)
[20:32:01] [ERROR] error #1054 while executing query "SELECT `id`,`Username` FROM `characters` WHERE `Charname` = 'Avis_Mccalla'": Unknown column 'Charname' in 'where clause' (./includes/core/login.pwn:22)
[20:35:50] [ERROR] error #1054 while executing query "SELECT `id`,`Username` FROM `characters` WHERE `Charname` = 'Avis_Mccalla'": Unknown column 'Charname' in 'where clause' (./includes/core/login.pwn:54 -> C:\Users\Papa\Dropbox\Ak-kawit Team Folder\GTA\SA-MP LS-RP.th Project\pawno\include\timerfix.inc:236)
[20:36:23] [ERROR] error #1054 while executing query "SELECT `id`,`Username` FROM `characters` WHERE `Charname` = 'Avis_Mccalla'": Unknown column 'Charname' in 'where clause' (./includes/core/login.pwn:54 -> C:\Users\Papa\Dropbox\Ak-kawit Team Folder\GTA\SA-MP LS-RP.th Project\pawno\include\timerfix.inc:236)
[20:37:04] [ERROR] error #1054 while executing query "SELECT `id`,`Username` FROM `characters` WHERE `Charname` = 'Avis_Mccalla'": Unknown column 'Charname' in 'where clause' (./includes/core/login.pwn:54 -> C:\Users\Papa\Dropbox\Ak-kawit Team Folder\GTA\SA-MP LS-RP.th Project\pawno\include\timerfix.inc:236)
[20:37:20] [ERROR] error #1054 while executing query "SELECT `id`,`Username` FROM `characters` WHERE `Charname` = 'Avis_Mccalla'": Unknown column 'Charname' in 'where clause' (./includes/core/login.pwn:54 -> C:\Users\Papa\Dropbox\Ak-kawit Team Folder\GTA\SA-MP LS-RP.th Project\pawno\include\timerfix.inc:236)
[20:38:06] [ERROR] error #1054 while executing query "SELECT `id`,`Username` FROM `characters` WHERE `Charname` = 'Avis_Mccalla'": Unknown column 'Charname' in 'where clause' (./includes/core/login.pwn:46 -> C:\Users\Papa\Dropbox\Ak-kawit Team Folder\GTA\SA-MP LS-RP.th Project\pawno\include\timerfix.inc:236)
[20:39:47] [ERROR] error #1054 while executing query "SELECT `id`,`Username` FROM `characters` WHERE `Charname` = 'Avis_Mccalla'": Unknown column 'Charname' in 'where clause' (./includes/core/login.pwn:52 -> C:\Users\Papa\Dropbox\Ak-kawit Team Folder\GTA\SA-MP LS-RP.th Project\pawno\include\timerfix.inc:236)
[20:41:40] [ERROR] error #1054 while executing query "SELECT `id`,`Username` FROM `characters` WHERE `Charname` = 'Avis_Mccalla'": Unknown column 'Charname' in 'where clause' (./includes/core/login.pwn:52 -> C:\Users\Papa\Dropbox\Ak-kawit Team Folder\GTA\SA-MP LS-RP.th Project\pawno\include\timerfix.inc:236)
[20:42:11] [ERROR] error #1054 while executing query "SELECT `id`,`Username` FROM `characters` WHERE `Charname` = 'Avis_Mccalla'": Unknown column 'Charname' in 'where clause' (./includes/core/login.pwn:52 -> C:\Users\Papa\Dropbox\Ak-kawit Team Folder\GTA\SA-MP LS-RP.th Project\pawno\include\timerfix.inc:236)
[20:44:29] [ERROR] error #1054 while executing query "SELECT `id`,`Username` FROM `characters` WHERE `Charname` = 'Avis_Mccalla'": Unknown column 'Charname' in 'where clause' (./includes/core/login.pwn:56 -> C:\Users\Papa\Dropbox\Ak-kawit Team Folder\GTA\SA-MP LS-RP.th Project\pawno\include\timerfix.inc:236)
[20:46:40] [ERROR] error #1054 while executing query "SELECT `id`,`Username` FROM `characters` WHERE `Charname` = 'Avis_Mccalla'": Unknown column 'Charname' in 'where clause' (./includes/core/login.pwn:58 -> C:\Users\Papa\Dropbox\Ak-kawit Team Folder\GTA\SA-MP LS-RP.th Project\pawno\include\timerfix.inc:236)
[20:48:24] [ERROR] error #1054 while executing query "SELECT `id`,`Username` FROM `characters` WHERE `Charname` = 'Avis_Mccalla'": Unknown column 'Charname' in 'where clause' (./includes/core/login.pwn:59 -> C:\Users\Papa\Dropbox\Ak-kawit Team Folder\GTA\SA-MP LS-RP.th Project\pawno\include\timerfix.inc:236)
[20:48:24] [ERROR] cache_get_row_count: no active cache (C:\Users\Papa\Dropbox\Ak-kawit Team Folder\GTA\SA-MP LS-RP.th Project\pawno\include\a_mysql.inc:182 -> ./includes/core/login.pwn:61 -> C:\Users\Papa\Dropbox\Ak-kawit Team Folder\GTA\SA-MP LS-RP.th Project\pawno\include\timerfix.inc:236)
[20:50:13] [ERROR] error #1054 while executing query "SELECT `id`,`Username` FROM `characters` WHERE `Charname` = 'Avis_Mccalla'": Unknown column 'Charname' in 'where clause' (./includes/core/login.pwn:59 -> C:\Users\Papa\Dropbox\Ak-kawit Team Folder\GTA\SA-MP LS-RP.th Project\pawno\include\timerfix.inc:236)
[20:50:13] [ERROR] cache_get_row_count: no active cache (C:\Users\Papa\Dropbox\Ak-kawit Team Folder\GTA\SA-MP LS-RP.th Project\pawno\include\a_mysql.inc:182 -> ./includes/core/login.pwn:61 -> C:\Users\Papa\Dropbox\Ak-kawit Team Folder\GTA\SA-MP LS-RP.th Project\pawno\include\timerfix.inc:236)
[20:51:26] [ERROR] error #1054 while executing query "SELECT `id`,`Username` FROM `characters` WHERE `Charname` = 'Avis_Mccalla'": Unknown column 'Charname' in 'where clause' (./includes/core/login.pwn:59 -> C:\Users\Papa\Dropbox\Ak-kawit Team Folder\GTA\SA-MP LS-RP.th Project\pawno\include\timerfix.inc:236)
[20:51:26] [ERROR] cache_get_row_count: no active cache (C:\Users\Papa\Dropbox\Ak-kawit Team Folder\GTA\SA-MP LS-RP.th Project\pawno\include\a_mysql.inc:182 -> ./includes/core/login.pwn:61 -> C:\Users\Papa\Dropbox\Ak-kawit Team Folder\GTA\SA-MP LS-RP.th Project\pawno\include\timerfix.inc:236)
[20:52:06] [ERROR] error #1054 while executing query "SELECT `id`,`Username` FROM `characters` WHERE `Charname` = ''": Unknown column 'Charname' in 'where clause' (./includes/core/login.pwn:59 -> D:\LSRPTH\pawno\include\timerfix.inc:236)
[20:52:06] [ERROR] cache_get_row_count: no active cache (./includes/core/login.pwn:62 -> D:\LSRPTH\pawno\include\timerfix.inc:236)
[20:53:10] [ERROR] cache_get_value_index_int: invalid row ('0') or field ('0') index (./includes/core/login.pwn:69 -> D:\LSRPTH\pawno\include\timerfix.inc:236)
[20:53:10] [ERROR] cache_get_value_index: invalid row ('0') or field ('1') index (./includes/core/login.pwn:70 -> D:\LSRPTH\pawno\include\timerfix.inc:236)
